<?xml version="1.0" encoding="UTF-8" ?>
<testsuite errors="33" failures="0" hostname="Deano-PC" name="xtrememp.XtremeMPTest" tests="33" time="18.029" timestamp="2011-04-21T00:52:01">
  <properties>
    <property name="netbeans.autoupdate.country" value="US" />
    <property name="javac.test.classpath" value="lib/commons-io-1.4.jar:lib/dom4j-1.6.1.jar:lib/jaudiotagger-2.0.3-SNAPSHOT.jar:lib/jflac-1.3.jar:lib/jintellitype-1.3.4.jar:lib/jl1.0.1.jar:lib/jogg-0.0.7.jar:lib/jorbis-0.0.15.jar:lib/jspeex-0.9.7.jar:lib/jspiff-1.0.jar:lib/logback-classic-0.9.24.jar:lib/logback-core-0.9.24.jar:lib/miglayout-3.7.3.1-swing.jar:lib/mp3spi.jar:lib/slf4j-api-1.6.1.jar:lib/substance-swingx.jar:lib/substance.jar:lib/swingx.jar:lib/trident.jar:lib/tritonus_share.jar:lib/vorbisspi.jar:C:\Users\Deano\.javafx:C:\Program Files (x86)\JMF2.1.1e\lib\mediaplayer.jar:C:\Program Files (x86)\JMF2.1.1e\lib\customizer.jar:C:\Program Files (x86)\JMF2.1.1e\lib\multiplayer.jar:C:\Program Files (x86)\JMF2.1.1e\lib\sound.jar:C:\Users\Deano\Downloads\new\fobs4jmf_0.4.2_win32\fobs4jmf.jar:C:\Users\Deano\Downloads\new\fobs4jmf_0.4.2_win32\jmf.jar:C:\gstreamer-java-1.4.jar:C:\jna-3.2.4.jar:C:\Program Files (x86)\OSSBuild\GStreamer\v0.10.6\lib\gstreamer-0.10:C:\Program Files (x86)\OSSBuild\GStreamer:build/classes:C:\Program Files\NetBeans 6.9.1\platform\modules\ext\junit-4.5.jar" />
    <property name="libs.junit.javadoc" value="C:\Program Files\NetBeans 6.9.1\java\docs\junit-3.8.2-api.zip" />
    <property name="file.reference.substance-swingx.jar" value="lib/substance-swingx.jar" />
    <property name="ant.core.lib" value="C:\Program Files\NetBeans 6.9.1\java\ant\lib\ant.jar" />
    <property name="libs.swing-app-framework.src" value="" />
    <property name="javadoc.windowtitle" value="" />
    <property name="libs.toplink.classpath" value="C:\Program Files\NetBeans 6.9.1\java\modules\ext\toplink\toplink-essentials.jar;C:\Program Files\NetBeans 6.9.1\java\modules\ext\toplink\toplink-essentials-agent.jar" />
    <property name="user.dir" value="C:\COMP566\xtrememp-0.6.6-src\xtrememp-src" />
    <property name="libs.hibernate-persistence.javadoc" value="" />
    <property name="java.vm.version" value="19.0-b09" />
    <property name="libs.MySQLDriver.classpath" value="C:\Program Files\NetBeans 6.9.1\ide\modules\ext\mysql-connector-java-5.1.6-bin.jar" />
    <property name="file.reference.logback-classic-0.9.24.jar" value="lib/logback-classic-0.9.24.jar" />
    <property name="file.reference.sound.jar" value="C:\Program Files (x86)\JMF2.1.1e\lib\sound.jar" />
    <property name="javadoc.notree" value="false" />
    <property name="netbeans.autoupdate.version" value="1.23" />
    <property name="libs.hibernate-support.maven-pom" value="" />
    <property name="libs.hibernate-support.javadoc" value="" />
    <property name="jdk.home" value="C:\Program Files\Java\jdk1.6.0_23" />
    <property name="libs.javac-api.src" value="" />
    <property name="javadoc.noindex" value="false" />
    <property name="sun.os.patch.level" value="" />
    <property name="java.vm.specification.name" value="Java Virtual Machine Specification" />
    <property name="nb.show.statistics.ui" value="usageStatisticsEnabled" />
    <property name="netbeans.autoupdate.variant" value="" />
    <property name="have.tests" value="true" />
    <property name="org.xml.sax.driver" value="com.sun.org.apache.xerces.internal.jaxp.SAXParserImpl$JAXPSAXParser" />
    <property name="libs.javac-api.javadoc" value="" />
    <property name="os.name" value="Windows 7" />
    <property name="libs.beans-binding.classpath" value="C:\Program Files\NetBeans 6.9.1\java\modules\ext\beansbinding-1.2.1.jar" />
    <property name="file.reference.mp3spi.jar" value="lib/mp3spi.jar" />
    <property name="ap.proc.none.internal" value="" />
    <property name="libs.JWSAntTasks.maven-pom" value="" />
    <property name="java.vendor.url.bug" value="http://java.sun.com/cgi-bin/bugreport.cgi" />
    <property name="libs.jaxb.maven-pom" value="" />
    <property name="os.arch" value="amd64" />
    <property name="libs.eclipselink.src" value="" />
    <property name="user.name" value="Deano" />
    <property name="libs.swing-layout.maven-pom" value="" />
    <property name="build.classes.dir" value="build/classes" />
    <property name="netbeans.accept_license_class" value="org.netbeans.license.AcceptLicense" />
    <property name="build.sysclasspath" value="ignore" />
    <property name="ap.supported.internal" value="true" />
    <property name="libs.jaxws21.javadoc" value="C:\Program Files\NetBeans 6.9.1\java\docs\jaxws-api-doc.zip" />
    <property name="includes" value="**" />
    <property name="user.country" value="US" />
    <property name="manifest.file" value="manifest.mf" />
    <property name="javadoc.encoding" value="UTF-8" />
    <property name="javac.classpath" value="lib/commons-io-1.4.jar:lib/dom4j-1.6.1.jar:lib/jaudiotagger-2.0.3-SNAPSHOT.jar:lib/jflac-1.3.jar:lib/jintellitype-1.3.4.jar:lib/jl1.0.1.jar:lib/jogg-0.0.7.jar:lib/jorbis-0.0.15.jar:lib/jspeex-0.9.7.jar:lib/jspiff-1.0.jar:lib/logback-classic-0.9.24.jar:lib/logback-core-0.9.24.jar:lib/miglayout-3.7.3.1-swing.jar:lib/mp3spi.jar:lib/slf4j-api-1.6.1.jar:lib/substance-swingx.jar:lib/substance.jar:lib/swingx.jar:lib/trident.jar:lib/tritonus_share.jar:lib/vorbisspi.jar:C:\Users\Deano\.javafx:C:\Program Files (x86)\JMF2.1.1e\lib\mediaplayer.jar:C:\Program Files (x86)\JMF2.1.1e\lib\customizer.jar:C:\Program Files (x86)\JMF2.1.1e\lib\multiplayer.jar:C:\Program Files (x86)\JMF2.1.1e\lib\sound.jar:C:\Users\Deano\Downloads\new\fobs4jmf_0.4.2_win32\fobs4jmf.jar:C:\Users\Deano\Downloads\new\fobs4jmf_0.4.2_win32\jmf.jar:C:\gstreamer-java-1.4.jar:C:\jna-3.2.4.jar:C:\Program Files (x86)\OSSBuild\GStreamer\v0.10.6\lib\gstreamer-0.10:C:\Program Files (x86)\OSSBuild\GStreamer" />
    <property name="debug-transport" value="dt_shmem" />
    <property name="netbeans.home" value="C:\Program Files\NetBeans 6.9.1\platform" />
    <property name="build.compiler.emacs" value="true" />
    <property name="libs.ejb3-persistence.src" value="" />
    <property name="java.endorsed.dirs" value="C:\Program Files\Java\jdk1.6.0_23\jre\lib\endorsed" />
    <property name="netbeans.dynamic.classpath" value="C:\Users\Deano\.netbeans\6.9\core\core.jar;C:\Users\Deano\.netbeans\6.9\core\locale\core_ja.jar;C:\Users\Deano\.netbeans\6.9\core\locale\core_pt_BR.jar;C:\Users\Deano\.netbeans\6.9\core\locale\core_zh_CN.jar;C:\Program Files\NetBeans 6.9.1\platform\core\org-openide-filesystems.jar;C:\Program Files\NetBeans 6.9.1\platform\core\locale\org-openide-filesystems_ja.jar;C:\Program Files\NetBeans 6.9.1\platform\core\locale\org-openide-filesystems_pt_BR.jar;C:\Program Files\NetBeans 6.9.1\platform\core\locale\org-openide-filesystems_zh_CN.jar;C:\Program Files\NetBeans 6.9.1\nb\core\org-netbeans-upgrader.jar;C:\Program Files\NetBeans 6.9.1\nb\core\locale\core_nb.jar;C:\Program Files\NetBeans 6.9.1\nb\core\locale\core_nb_ja.jar;C:\Program Files\NetBeans 6.9.1\nb\core\locale\core_nb_pt_BR.jar;C:\Program Files\NetBeans 6.9.1\nb\core\locale\core_nb_zh_CN.jar;C:\Program Files\NetBeans 6.9.1\nb\core\locale\org-netbeans-upgrader_ja.jar;C:\Program Files\NetBeans 6.9.1\nb\core\locale\org-netbeans-upgrader_pt_BR.jar;C:\Program Files\NetBeans 6.9.1\nb\core\locale\org-netbeans-upgrader_zh_CN.jar" />
    <property name="file.reference.customizer.jar" value="C:\Program Files (x86)\JMF2.1.1e\lib\customizer.jar" />
    <property name="java.vm.specification.version" value="1.0" />
    <property name="libs.hibernate-persistence.classpath" value="C:\Program Files\NetBeans 6.9.1\java\modules\ext\hibernate\antlr-2.7.6.jar;C:\Program Files\NetBeans 6.9.1\java\modules\ext\hibernate\asm.jar;C:\Program Files\NetBeans 6.9.1\java\modules\ext\hibernate\asm-attrs.jar;C:\Program Files\NetBeans 6.9.1\java\modules\ext\hibernate\cglib-2.1.3.jar;C:\Program Files\NetBeans 6.9.1\java\modules\ext\hibernate\commons-collections-2.1.1.jar;C:\Program Files\NetBeans 6.9.1\ide\modules\ext\commons-logging-1.1.jar;C:\Program Files\NetBeans 6.9.1\java\modules\ext\hibernate\dom4j-1.6.1.jar;C:\Program Files\NetBeans 6.9.1\java\modules\ext\hibernate\ehcache-1.2.3.jar;C:\Program Files\NetBeans 6.9.1\java\modules\ext\hibernate\jdbc2_0-stdext.jar;C:\Program Files\NetBeans 6.9.1\java\modules\ext\hibernate\jta.jar;C:\Program Files\NetBeans 6.9.1\java\modules\ext\hibernate\hibernate3.jar;C:\Program Files\NetBeans 6.9.1\java\modules\ext\hibernate\hibernate-tools.jar;C:\Program Files\NetBeans 6.9.1\java\modules\ext\hibernate\hibernate-annotations.jar;C:\Program Files\NetBeans 6.9.1\java\modules\ext\hibernate\hibernate-commons-annotations.jar;C:\Program Files\NetBeans 6.9.1\java\modules\ext\hibernate\hibernate-entitymanager.jar;C:\Program Files\NetBeans 6.9.1\java\modules\ext\hibernate\javassist.jar;C:\Program Files\NetBeans 6.9.1\java\modules\ext\hibernate\ejb3-persistence.jar" />
    <property name="libs.jaxws21.src" value="" />
    <property name="application.title" value="XtremeMP" />
    <property name="do.archive" value="true" />
    <property name="libs.swing-app-framework.classpath" value="C:\Program Files\NetBeans 6.9.1\java\modules\ext\appframework-1.0.3.jar;C:\Program Files\NetBeans 6.9.1\java\modules\ext\swing-worker-1.1.jar" />
    <property name="file.reference.dom4j-1.6.1.jar" value="lib/dom4j-1.6.1.jar" />
    <property name="netbeans.autoupdate.language" value="en" />
    <property name="file.reference.jogg-0.0.7.jar" value="lib/jogg-0.0.7.jar" />
    <property name="java.vendor" value="Sun Microsystems Inc." />
    <property name="file.reference.trident.jar" value="lib/trident.jar" />
    <property name="file.reference.commons-io-1.4.jar" value="lib/commons-io-1.4.jar" />
    <property name="javac.debug" value="true" />
    <property name="javadoc.splitindex" value="true" />
    <property name="file.separator" value="\" />
    <property name="libs.junit_4.maven-pom" value="" />
    <property name="javac.test.processorpath" value="lib/commons-io-1.4.jar:lib/dom4j-1.6.1.jar:lib/jaudiotagger-2.0.3-SNAPSHOT.jar:lib/jflac-1.3.jar:lib/jintellitype-1.3.4.jar:lib/jl1.0.1.jar:lib/jogg-0.0.7.jar:lib/jorbis-0.0.15.jar:lib/jspeex-0.9.7.jar:lib/jspiff-1.0.jar:lib/logback-classic-0.9.24.jar:lib/logback-core-0.9.24.jar:lib/miglayout-3.7.3.1-swing.jar:lib/mp3spi.jar:lib/slf4j-api-1.6.1.jar:lib/substance-swingx.jar:lib/substance.jar:lib/swingx.jar:lib/trident.jar:lib/tritonus_share.jar:lib/vorbisspi.jar:C:\Users\Deano\.javafx:C:\Program Files (x86)\JMF2.1.1e\lib\mediaplayer.jar:C:\Program Files (x86)\JMF2.1.1e\lib\customizer.jar:C:\Program Files (x86)\JMF2.1.1e\lib\multiplayer.jar:C:\Program Files (x86)\JMF2.1.1e\lib\sound.jar:C:\Users\Deano\Downloads\new\fobs4jmf_0.4.2_win32\fobs4jmf.jar:C:\Users\Deano\Downloads\new\fobs4jmf_0.4.2_win32\jmf.jar:C:\gstreamer-java-1.4.jar:C:\jna-3.2.4.jar:C:\Program Files (x86)\OSSBuild\GStreamer\v0.10.6\lib\gstreamer-0.10:C:\Program Files (x86)\OSSBuild\GStreamer:build/classes:C:\Program Files\NetBeans 6.9.1\platform\modules\ext\junit-4.5.jar" />
    <property name="netbeans.buildnumber" value="201011082200" />
    <property name="libs.JWSAntTasks.javadoc" value="" />
    <property name="build.generated.sources.dir" value="build/generated-sources" />
    <property name="user.variant" value="" />
    <property name="sun.java.launcher" value="SUN_STANDARD" />
    <property name="libs.junit.classpath" value="C:\Program Files\NetBeans 6.9.1\java\modules\ext\junit-3.8.2.jar" />
    <property name="file.reference.jspiff-1.0.jar" value="lib/jspiff-1.0.jar" />
    <property name="libs.jaxb.javadoc" value="C:\Program Files\NetBeans 6.9.1\ide\docs\jaxb-api-doc.zip" />
    <property name="org.openide.awt.SwingBrowserImpl.do-not-block-awt" value="false" />
    <property name="ant.home" value="C:\Program Files\NetBeans 6.9.1\java\ant" />
    <property name="libs.junit_4.src" value="C:\Program Files\NetBeans 6.9.1\java\docs\junit-4.5-src.jar" />
    <property name="libs.absolutelayout.maven-pom" value="" />
    <property name="ant.java.version" value="1.6" />
    <property name="java.library.path" value="native" />
    <property name="javadoc.author" value="false" />
    <property name="java.util.logging.config.class" value="org.netbeans.core.startup.TopLogging" />
    <property name="libs.PostgreSQLDriver.src" value="" />
    <property name="file.reference.gstreamer-java-1.4.jar" value="C:\gstreamer-java-1.4.jar" />
    <property name="sun.arch.data.model" value="64" />
    <property name="basedir" value="C:\COMP566\xtrememp-0.6.6-src\xtrememp-src" />
    <property name="ant.file.type.XtremeMP" value="file" />
    <property name="jar.compress" value="true" />
    <property name="ant.file.XtremeMP" value="C:\COMP566\xtrememp-0.6.6-src\xtrememp-src\build.xml" />
    <property name="path.separator" value=";" />
    <property name="sun.io.unicode.encoding" value="UnicodeLittle" />
    <property name="file.reference.logback-core-0.9.24.jar" value="lib/logback-core-0.9.24.jar" />
    <property name="libs.jaxws21.classpath" value="C:\Program Files\NetBeans 6.9.1\ide\modules\ext\jaxb\jaxb-impl.jar;C:\Program Files\NetBeans 6.9.1\ide\modules\ext\jaxb\jaxb-xjc.jar;C:\Program Files\NetBeans 6.9.1\java\modules\ext\jaxws22\FastInfoset.jar;C:\Program Files\NetBeans 6.9.1\java\modules\ext\jaxws22\gmbal-api-only.jar;C:\Program Files\NetBeans 6.9.1\java\modules\ext\jaxws22\http.jar;C:\Program Files\NetBeans 6.9.1\java\modules\ext\jaxws22\jaxws-rt.jar;C:\Program Files\NetBeans 6.9.1\java\modules\ext\jaxws22\jaxws-tools.jar;C:\Program Files\NetBeans 6.9.1\java\modules\ext\jaxws22\management-api.jar;C:\Program Files\NetBeans 6.9.1\java\modules\ext\jaxws22\mimepull.jar;C:\Program Files\NetBeans 6.9.1\java\modules\ext\jaxws22\policy.jar;C:\Program Files\NetBeans 6.9.1\java\modules\ext\jaxws22\saaj-impl.jar;C:\Program Files\NetBeans 6.9.1\java\modules\ext\jaxws22\stax-ex.jar;C:\Program Files\NetBeans 6.9.1\java\modules\ext\jaxws22\streambuffer.jar;C:\Program Files\NetBeans 6.9.1\java\modules\ext\jaxws22\woodstox.jar;C:\Program Files\NetBeans 6.9.1\java\modules\ext\jaxws22\api\jaxws-api.jar;C:\Program Files\NetBeans 6.9.1\java\modules\ext\jaxws22\api\jsr181-api.jar;C:\Program Files\NetBeans 6.9.1\java\modules\ext\jaxws22\api\jsr250-api.jar;C:\Program Files\NetBeans 6.9.1\java\modules\ext\jaxws22\api\saaj-api.jar;C:\Program Files\NetBeans 6.9.1\ide\modules\ext\jaxb\activation.jar;C:\Program Files\NetBeans 6.9.1\ide\modules\ext\jaxb\api\jaxb-api.jar;C:\Program Files\NetBeans 6.9.1\ide\modules\ext\jaxb\api\jsr173_api.jar" />
    <property name="compile.on.save" value="false" />
    <property name="apple.awt.graphics.UseQuartz" value="true" />
    <property name="user.language" value="en" />
    <property name="libs.spring-framework.classpath" value="C:\Program Files\NetBeans 6.9.1\ide\modules\ext\commons-logging-1.1.jar;C:\Program Files\NetBeans 6.9.1\java\modules\ext\cglib-2.2.jar;C:\Program Files\NetBeans 6.9.1\java\modules\ext\spring\spring-2.5.6.SEC01.jar" />
    <property name="libs.eclipselink.maven-pom" value="" />
    <property name="application.vendor" value="Besi" />
    <property name="libs.spring-framework300.maven-pom" value="" />
    <property name="run.test.classpath" value="lib/commons-io-1.4.jar:lib/dom4j-1.6.1.jar:lib/jaudiotagger-2.0.3-SNAPSHOT.jar:lib/jflac-1.3.jar:lib/jintellitype-1.3.4.jar:lib/jl1.0.1.jar:lib/jogg-0.0.7.jar:lib/jorbis-0.0.15.jar:lib/jspeex-0.9.7.jar:lib/jspiff-1.0.jar:lib/logback-classic-0.9.24.jar:lib/logback-core-0.9.24.jar:lib/miglayout-3.7.3.1-swing.jar:lib/mp3spi.jar:lib/slf4j-api-1.6.1.jar:lib/substance-swingx.jar:lib/substance.jar:lib/swingx.jar:lib/trident.jar:lib/tritonus_share.jar:lib/vorbisspi.jar:C:\Users\Deano\.javafx:C:\Program Files (x86)\JMF2.1.1e\lib\mediaplayer.jar:C:\Program Files (x86)\JMF2.1.1e\lib\customizer.jar:C:\Program Files (x86)\JMF2.1.1e\lib\multiplayer.jar:C:\Program Files (x86)\JMF2.1.1e\lib\sound.jar:C:\Users\Deano\Downloads\new\fobs4jmf_0.4.2_win32\fobs4jmf.jar:C:\Users\Deano\Downloads\new\fobs4jmf_0.4.2_win32\jmf.jar:C:\gstreamer-java-1.4.jar:C:\jna-3.2.4.jar:C:\Program Files (x86)\OSSBuild\GStreamer\v0.10.6\lib\gstreamer-0.10:C:\Program Files (x86)\OSSBuild\GStreamer:build/classes:C:\Program Files\NetBeans 6.9.1\platform\modules\ext\junit-4.5.jar:build/test/classes" />
    <property name="ant.project.invoked-targets" value="test" />
    <property name="useJavaUtilZip" value="true" />
    <property name="file.reference.mediaplayer.jar" value="C:\Program Files (x86)\JMF2.1.1e\lib\mediaplayer.jar" />
    <property name="libs.swing-layout.javadoc" value="C:\Program Files\NetBeans 6.9.1\platform\docs\swing-layout-1.0.4-doc.zip" />
    <property name="libs.swing-app-framework.javadoc" value="C:\Program Files\NetBeans 6.9.1\java\docs\appframework-1.0.3-doc.zip" />
    <property name="libs.ejb3-persistence.maven-pom" value="" />
    <property name="https.nonProxyHosts" value="localhost|127.0.0.1|Deano-PC" />
    <property name="libs.PostgreSQLDriver.maven-pom" value="" />
    <property name="java.class.version" value="50.0" />
    <property name="netbeans.system_http_proxy" value="DIRECT" />
    <property name="libs.eclipselink.javadoc" value="" />
    <property name="user.properties.file" value="C:\Users\Deano\.netbeans\6.9\build.properties" />
    <property name="runtime.encoding" value="UTF-8" />
    <property name="libs.spring-framework.src" value="" />
    <property name="libs.javac-api.maven-pom" value="" />
    <property name="file.encoding.pkg" value="sun.io" />
    <property name="sun.cpu.endian" value="little" />
    <property name="libs.JWSAntTasks.classpath" value="C:\Program Files\NetBeans 6.9.1\java\ant\extra\org-netbeans-modules-javawebstart-anttasks.jar" />
    <property name="file.reference.substance.jar" value="lib/substance.jar" />
    <property name="libs.spring-framework300.src" value="" />
    <property name="empty.dir" value="C:\COMP566\xtrememp-0.6.6-src\xtrememp-src\build\empty" />
    <property name="version-output" value="java version &quot;1.6" />
    <property name="javadoc.preview" value="true" />
    <property name="file.reference.jintellitype-1.3.4.jar" value="lib/jintellitype-1.3.4.jar" />
    <property name="java.home" value="C:\Program Files\Java\jdk1.6.0_23\jre" />
    <property name="debug.test.classpath" value="lib/commons-io-1.4.jar:lib/dom4j-1.6.1.jar:lib/jaudiotagger-2.0.3-SNAPSHOT.jar:lib/jflac-1.3.jar:lib/jintellitype-1.3.4.jar:lib/jl1.0.1.jar:lib/jogg-0.0.7.jar:lib/jorbis-0.0.15.jar:lib/jspeex-0.9.7.jar:lib/jspiff-1.0.jar:lib/logback-classic-0.9.24.jar:lib/logback-core-0.9.24.jar:lib/miglayout-3.7.3.1-swing.jar:lib/mp3spi.jar:lib/slf4j-api-1.6.1.jar:lib/substance-swingx.jar:lib/substance.jar:lib/swingx.jar:lib/trident.jar:lib/tritonus_share.jar:lib/vorbisspi.jar:C:\Users\Deano\.javafx:C:\Program Files (x86)\JMF2.1.1e\lib\mediaplayer.jar:C:\Program Files (x86)\JMF2.1.1e\lib\customizer.jar:C:\Program Files (x86)\JMF2.1.1e\lib\multiplayer.jar:C:\Program Files (x86)\JMF2.1.1e\lib\sound.jar:C:\Users\Deano\Downloads\new\fobs4jmf_0.4.2_win32\fobs4jmf.jar:C:\Users\Deano\Downloads\new\fobs4jmf_0.4.2_win32\jmf.jar:C:\gstreamer-java-1.4.jar:C:\jna-3.2.4.jar:C:\Program Files (x86)\OSSBuild\GStreamer\v0.10.6\lib\gstreamer-0.10:C:\Program Files (x86)\OSSBuild\GStreamer:build/classes:C:\Program Files\NetBeans 6.9.1\platform\modules\ext\junit-4.5.jar:build/test/classes" />
    <property name="file.reference.slf4j-api-1.6.1.jar" value="lib/slf4j-api-1.6.1.jar" />
    <property name="netbeans.importclass" value="org.netbeans.upgrade.AutoUpgrade" />
    <property name="ant.project.default-target" value="default" />
    <property name="annotation.processing.run.all.processors" value="true" />
    <property name="libs.toplink.maven-pom" value="" />
    <property name="file.reference.miglayout-3.7.3.1-swing.jar" value="lib/miglayout-3.7.3.1-swing.jar" />
    <property name="libs.PostgreSQLDriver.javadoc" value="" />
    <property name="libs.MySQLDriver.maven-pom" value="" />
    <property name="file.reference.jaudiotagger-2.0.3-SNAPSHOT.jar" value="lib/jaudiotagger-2.0.3-SNAPSHOT.jar" />
    <property name="http.nonProxyHosts" value="localhost|127.0.0.1|Deano-PC" />
    <property name="libs.junit_4.javadoc" value="C:\Program Files\NetBeans 6.9.1\java\docs\junit-4.5-api.zip" />
    <property name="libs.toplink.src" value="" />
    <property name="run.classpath" value="lib/commons-io-1.4.jar:lib/dom4j-1.6.1.jar:lib/jaudiotagger-2.0.3-SNAPSHOT.jar:lib/jflac-1.3.jar:lib/jintellitype-1.3.4.jar:lib/jl1.0.1.jar:lib/jogg-0.0.7.jar:lib/jorbis-0.0.15.jar:lib/jspeex-0.9.7.jar:lib/jspiff-1.0.jar:lib/logback-classic-0.9.24.jar:lib/logback-core-0.9.24.jar:lib/miglayout-3.7.3.1-swing.jar:lib/mp3spi.jar:lib/slf4j-api-1.6.1.jar:lib/substance-swingx.jar:lib/substance.jar:lib/swingx.jar:lib/trident.jar:lib/tritonus_share.jar:lib/vorbisspi.jar:C:\Users\Deano\.javafx:C:\Program Files (x86)\JMF2.1.1e\lib\mediaplayer.jar:C:\Program Files (x86)\JMF2.1.1e\lib\customizer.jar:C:\Program Files (x86)\JMF2.1.1e\lib\multiplayer.jar:C:\Program Files (x86)\JMF2.1.1e\lib\sound.jar:C:\Users\Deano\Downloads\new\fobs4jmf_0.4.2_win32\fobs4jmf.jar:C:\Users\Deano\Downloads\new\fobs4jmf_0.4.2_win32\jmf.jar:C:\gstreamer-java-1.4.jar:C:\jna-3.2.4.jar:C:\Program Files (x86)\OSSBuild\GStreamer\v0.10.6\lib\gstreamer-0.10:C:\Program Files (x86)\OSSBuild\GStreamer:build/classes" />
    <property name="libs.hibernate-support.src" value="" />
    <property name="annotation.processing.enabled.in.editor" value="false" />
    <property name="file.reference.jl1.0.1.jar" value="lib/jl1.0.1.jar" />
    <property name="sun.management.compiler" value="HotSpot 64-Bit Server Compiler" />
    <property name="file.reference.jna-3.2.4.jar" value="C:\jna-3.2.4.jar" />
    <property name="javac.deprecation" value="false" />
    <property name="javadoc.use" value="true" />
    <property name="jna.boot.library.path" value="C:\Users\Deano\.netbeans\6.9\var\cache\jna" />
    <property name="sun.java2d.noddraw" value="true" />
    <property name="javac.processorpath" value="lib/commons-io-1.4.jar:lib/dom4j-1.6.1.jar:lib/jaudiotagger-2.0.3-SNAPSHOT.jar:lib/jflac-1.3.jar:lib/jintellitype-1.3.4.jar:lib/jl1.0.1.jar:lib/jogg-0.0.7.jar:lib/jorbis-0.0.15.jar:lib/jspeex-0.9.7.jar:lib/jspiff-1.0.jar:lib/logback-classic-0.9.24.jar:lib/logback-core-0.9.24.jar:lib/miglayout-3.7.3.1-swing.jar:lib/mp3spi.jar:lib/slf4j-api-1.6.1.jar:lib/substance-swingx.jar:lib/substance.jar:lib/swingx.jar:lib/trident.jar:lib/tritonus_share.jar:lib/vorbisspi.jar:C:\Users\Deano\.javafx:C:\Program Files (x86)\JMF2.1.1e\lib\mediaplayer.jar:C:\Program Files (x86)\JMF2.1.1e\lib\customizer.jar:C:\Program Files (x86)\JMF2.1.1e\lib\multiplayer.jar:C:\Program Files (x86)\JMF2.1.1e\lib\sound.jar:C:\Users\Deano\Downloads\new\fobs4jmf_0.4.2_win32\fobs4jmf.jar:C:\Users\Deano\Downloads\new\fobs4jmf_0.4.2_win32\jmf.jar:C:\gstreamer-java-1.4.jar:C:\jna-3.2.4.jar:C:\Program Files (x86)\OSSBuild\GStreamer\v0.10.6\lib\gstreamer-0.10:C:\Program Files (x86)\OSSBuild\GStreamer" />
    <property name="file.reference.Deano-.javafx" value="C:\Users\Deano\.javafx" />
    <property name="javac.compilerargs" value="" />
    <property name="ant.file" value="C:\COMP566\xtrememp-0.6.6-src\xtrememp-src\build.xml" />
    <property name="libs.beans-binding.maven-pom" value="" />
    <property name="sun.awt.exception.handler" value="org.netbeans.core.startup.TopLogging$AWTHandler" />
    <property name="libs.beans-binding.src" value="" />
    <property name="java.vm.specification.vendor" value="Sun Microsystems Inc." />
    <property name="libs.swing-layout.src" value="C:\Program Files\NetBeans 6.9.1\platform\docs\swing-layout-1.0.4-src.zip" />
    <property name="org.openide.major.version" value="IDE/1" />
    <property name="java.vm.name" value="Java HotSpot(TM) 64-Bit Server VM" />
    <property name="netbeans.user" value="C:\Users\Deano\.netbeans\6.9" />
    <property name="javadoc.additionalparam" value="" />
    <property name="java.io.tmpdir" value="C:\Users\Deano\AppData\Local\Temp\" />
    <property name="java.vendor.url" value="http://java.sun.com/" />
    <property name="endorsed.classpath.cmd.line.arg" value="" />
    <property name="sun.boot.library.path" value="C:\Program Files\Java\jdk1.6.0_23\jre\bin" />
    <property name="have.sources" value="true" />
    <property name="debug.classpath" value="lib/commons-io-1.4.jar:lib/dom4j-1.6.1.jar:lib/jaudiotagger-2.0.3-SNAPSHOT.jar:lib/jflac-1.3.jar:lib/jintellitype-1.3.4.jar:lib/jl1.0.1.jar:lib/jogg-0.0.7.jar:lib/jorbis-0.0.15.jar:lib/jspeex-0.9.7.jar:lib/jspiff-1.0.jar:lib/logback-classic-0.9.24.jar:lib/logback-core-0.9.24.jar:lib/miglayout-3.7.3.1-swing.jar:lib/mp3spi.jar:lib/slf4j-api-1.6.1.jar:lib/substance-swingx.jar:lib/substance.jar:lib/swingx.jar:lib/trident.jar:lib/tritonus_share.jar:lib/vorbisspi.jar:C:\Users\Deano\.javafx:C:\Program Files (x86)\JMF2.1.1e\lib\mediaplayer.jar:C:\Program Files (x86)\JMF2.1.1e\lib\customizer.jar:C:\Program Files (x86)\JMF2.1.1e\lib\multiplayer.jar:C:\Program Files (x86)\JMF2.1.1e\lib\sound.jar:C:\Users\Deano\Downloads\new\fobs4jmf_0.4.2_win32\fobs4jmf.jar:C:\Users\Deano\Downloads\new\fobs4jmf_0.4.2_win32\jmf.jar:C:\gstreamer-java-1.4.jar:C:\jna-3.2.4.jar:C:\Program Files (x86)\OSSBuild\GStreamer\v0.10.6\lib\gstreamer-0.10:C:\Program Files (x86)\OSSBuild\GStreamer:build/classes" />
    <property name="javadoc.private" value="false" />
    <property name="test.src.dir" value="test" />
    <property name="ant.file.XtremeMP-impl" value="C:\COMP566\xtrememp-0.6.6-src\xtrememp-src\nbproject\build-impl.xml" />
    <property name="ap.processors.internal" value="" />
    <property name="meta.inf.dir" value="src/META-INF" />
    <property name="javadoc.encoding.used" value="UTF-8" />
    <property name="file.reference.vorbisspi.jar" value="lib/vorbisspi.jar" />
    <property name="dist.jar" value="dist/XtremeMP.jar" />
    <property name="java.runtime.name" value="Java(TM) SE Runtime Environment" />
    <property name="ant.project.name" value="XtremeMP" />
    <property name="netbeans.hash.code" value="unique=NB_CND_JAVA091bdd561-d0d3-4c71-ab4e-f8fd4063db1e_73efddae-b73a-4b59-834c-6c4f9256aace" />
    <property name="file.reference.tritonus_share.jar" value="lib/tritonus_share.jar" />
    <property name="sun.cpu.isalist" value="amd64" />
    <property name="libs.CopyLibs.javadoc" value="" />
    <property name="org.openide.specification.version" value="6.2" />
    <property name="libs.hibernate-support.classpath" value="C:\Program Files\NetBeans 6.9.1\java\modules\ext\hibernate\antlr-2.7.6.jar;C:\Program Files\NetBeans 6.9.1\java\modules\ext\hibernate\asm.jar;C:\Program Files\NetBeans 6.9.1\java\modules\ext\hibernate\asm-attrs.jar;C:\Program Files\NetBeans 6.9.1\java\modules\ext\hibernate\cglib-2.1.3.jar;C:\Program Files\NetBeans 6.9.1\java\modules\ext\hibernate\commons-collections-2.1.1.jar;C:\Program Files\NetBeans 6.9.1\ide\modules\ext\commons-logging-1.1.jar;C:\Program Files\NetBeans 6.9.1\java\modules\ext\hibernate\dom4j-1.6.1.jar;C:\Program Files\NetBeans 6.9.1\java\modules\ext\hibernate\ehcache-1.2.3.jar;C:\Program Files\NetBeans 6.9.1\java\modules\ext\hibernate\jdbc2_0-stdext.jar;C:\Program Files\NetBeans 6.9.1\java\modules\ext\hibernate\jta.jar;C:\Program Files\NetBeans 6.9.1\java\modules\ext\hibernate\hibernate3.jar;C:\Program Files\NetBeans 6.9.1\java\modules\ext\hibernate\hibernate-tools.jar;C:\Program Files\NetBeans 6.9.1\java\modules\ext\hibernate\hibernate-annotations.jar;C:\Program Files\NetBeans 6.9.1\java\modules\ext\hibernate\hibernate-commons-annotations.jar;C:\Program Files\NetBeans 6.9.1\java\modules\ext\hibernate\hibernate-entitymanager.jar;C:\Program Files\NetBeans 6.9.1\java\modules\ext\hibernate\javassist.jar" />
    <property name="user.home" value="C:\Users\Deano" />
    <property name="annotation.processing.processors.list" value="" />
    <property name="debug-args-line" value="-Xdebug" />
    <property name="libs.JWSAntTasks.src" value="" />
    <property name="jar.index" value="false" />
    <property name="libs.CopyLibs.maven-pom" value="" />
    <property name="libs.spring-framework300.javadoc" value="" />
    <property name="libs.hibernate-persistence.maven-pom" value="" />
    <property name="libs.absolutelayout.javadoc" value="" />
    <property name="java.specification.name" value="Java Platform API Specification" />
    <property name="libs.swing-app-framework.maven-pom" value="" />
    <property name="java.specification.vendor" value="Sun Microsystems Inc." />
    <property name="libs.javac-api.classpath" value="C:\Program Files\NetBeans 6.9.1\java\modules\ext\javac-api-nb-7.0-b07.jar" />
    <property name="java.version" value="1.6.0_23" />
    <property name="javadoc.version" value="false" />
    <property name="libs.MySQLDriver.javadoc" value="" />
    <property name="file.reference.swingx.jar" value="lib/swingx.jar" />
    <property name="org.openide.version" value="deprecated" />
    <property name="source.encoding" value="UTF-8" />
    <property name="ap.cmd.line.internal" value="" />
    <property name="file.reference.jflac-1.3.jar" value="lib/jflac-1.3.jar" />
    <property name="libs.junit.maven-pom" value="" />
    <property name="netbeans.home+have.tests" value="true" />
    <property name="annotation.processing.processor.options" value="" />
    <property name="libs.jaxb.src" value="" />
    <property name="work.dir" value="C:\COMP566\xtrememp-0.6.6-src\xtrememp-src" />
    <property name="libs.jaxb.classpath" value="C:\Program Files\NetBeans 6.9.1\ide\modules\ext\jaxb\jaxb-impl.jar;C:\Program Files\NetBeans 6.9.1\ide\modules\ext\jaxb\jaxb-xjc.jar;C:\Program Files\NetBeans 6.9.1\ide\modules\ext\jaxb\jaxb1-impl.jar;C:\Program Files\NetBeans 6.9.1\ide\modules\ext\jaxb\activation.jar;C:\Program Files\NetBeans 6.9.1\ide\modules\ext\jaxb\api\jaxb-api.jar;C:\Program Files\NetBeans 6.9.1\ide\modules\ext\jaxb\api\jsr173_api.jar" />
    <property name="file.reference.OSSBuild-GStreamer" value="C:\Program Files (x86)\OSSBuild\GStreamer" />
    <property name="do.depend" value="false" />
    <property name="dist.javadoc.dir" value="dist/javadoc" />
    <property name="libs.swing-layout.classpath" value="C:\Program Files\NetBeans 6.9.1\platform\modules\ext\swing-layout-1.0.4.jar" />
    <property name="build.generated.dir" value="build/generated" />
    <property name="javac.source" value="1.6" />
    <property name="libs.hibernate-persistence.src" value="" />
    <property name="line.separator" value="
" />
    <property name="java.specification.version" value="1.6" />
    <property name="libs.jaxws21.maven-pom" value="" />
    <property name="java.vm.info" value="mixed mode" />
    <property name="libs.spring-framework.maven-pom" value="" />
    <property name="sun.boot.class.path" value="C:\Program Files\Java\jdk1.6.0_23\jre\lib\resources.jar;C:\Program Files\Java\jdk1.6.0_23\jre\lib\rt.jar;C:\Program Files\Java\jdk1.6.0_23\jre\lib\sunrsasign.jar;C:\Program Files\Java\jdk1.6.0_23\jre\lib\jsse.jar;C:\Program Files\Java\jdk1.6.0_23\jre\lib\jce.jar;C:\Program Files\Java\jdk1.6.0_23\jre\lib\charsets.jar;C:\Program Files\Java\jdk1.6.0_23\jre\lib\modules\jdk.boot.jar;C:\Program Files\Java\jdk1.6.0_23\jre\classes" />
    <property name="file.reference.multiplayer.jar" value="C:\Program Files (x86)\JMF2.1.1e\lib\multiplayer.jar" />
    <property name="file.reference.lib-gstreamer-0.10" value="C:\Program Files (x86)\OSSBuild\GStreamer\v0.10.6\lib\gstreamer-0.10" />
    <property name="javac.target" value="1.6" />
    <property name="built-jar.properties" value="C:\COMP566\xtrememp-0.6.6-src\xtrememp-src\build\built-jar.properties" />
    <property name="file.reference.jorbis-0.0.15.jar" value="lib/jorbis-0.0.15.jar" />
    <property name="build.test.classes.dir" value="build/test/classes" />
    <property name="src.dir" value="src" />
    <property name="annotation.processing.enabled" value="true" />
    <property name="sun.awt.keepWorkingSetOnMinimize" value="true" />
    <property name="jaxbwiz.endorsed.dirs" value="C:\Program Files\NetBeans 6.8\ide12\modules\ext\jaxb\api" />
    <property name="dist.dir" value="dist" />
    <property name="ant.file.type.XtremeMP-impl" value="file" />
    <property name="javac.fork" value="false" />
    <property name="java.awt.printerjob" value="sun.awt.windows.WPrinterJob" />
    <property name="default.javac.source" value="1.6" />
    <property name="debug-transport-by-os" value="dt_shmem" />
    <property name="libs.MySQLDriver.src" value="" />
    <property name="sun.jnu.encoding" value="Cp1252" />
    <property name="java.runtime.version" value="1.6.0_23-b05" />
    <property name="build.test.results.dir" value="build/test/results" />
    <property name="libs.ejb3-persistence.javadoc" value="" />
    <property name="default.javac.target" value="1.6" />
    <property name="libs.junit_4.classpath" value="C:\Program Files\NetBeans 6.9.1\platform\modules\ext\junit-4.5.jar" />
    <property name="user.timezone" value="" />
    <property name="do.jar" value="true" />
    <property name="netbeans.dirs" value="C:\Program Files\NetBeans 6.9.1\nb;C:\Program Files\NetBeans 6.9.1\ergonomics;C:\Program Files\NetBeans 6.9.1\ide;C:\Program Files\NetBeans 6.9.1\java;C:\Program Files\NetBeans 6.9.1\xml;C:\Program Files\NetBeans 6.9.1\apisupport;C:\Program Files\NetBeans 6.9.1\webcommon;C:\Program Files\NetBeans 6.9.1\websvccommon;C:\Program Files\NetBeans 6.9.1\enterprise;C:\Program Files\NetBeans 6.9.1\mobility;C:\Program Files\NetBeans 6.9.1\profiler;C:\Program Files\NetBeans 6.9.1\ruby;C:\Program Files\NetBeans 6.9.1\python;C:\Program Files\NetBeans 6.9.1\php;C:\Program Files\NetBeans 6.9.1\visualweb;C:\Program Files\NetBeans 6.9.1\soa;C:\Program Files\NetBeans 6.9.1\identity;C:\Program Files\NetBeans 6.9.1\uml;C:\Program Files\NetBeans 6.9.1\harness;C:\Program Files\NetBeans 6.9.1\cnd;C:\Program Files\NetBeans 6.9.1\dlight;C:\Program Files\NetBeans 6.9.1\groovy;C:\Program Files\NetBeans 6.9.1\extra;C:\Program Files\NetBeans 6.9.1\javafx;C:\Program Files\NetBeans 6.9.1\javacard" />
    <property name="java.ext.dirs" value="C:\Program Files\Java\jdk1.6.0_23\jre\lib\ext;C:\Windows\Sun\Java\lib\ext" />
    <property name="endorsed.classpath" value="" />
    <property name="libs.absolutelayout.classpath" value="C:\Program Files\NetBeans 6.9.1\java\modules\ext\AbsoluteLayout.jar" />
    <property name="excludes" value="" />
    <property name="java.class.path" value="C:\COMP566\xtrememp-0.6.6-src\xtrememp-src\lib\commons-io-1.4.jar;C:\COMP566\xtrememp-0.6.6-src\xtrememp-src\lib\dom4j-1.6.1.jar;C:\COMP566\xtrememp-0.6.6-src\xtrememp-src\lib\jaudiotagger-2.0.3-SNAPSHOT.jar;C:\COMP566\xtrememp-0.6.6-src\xtrememp-src\lib\jflac-1.3.jar;C:\COMP566\xtrememp-0.6.6-src\xtrememp-src\lib\jintellitype-1.3.4.jar;C:\COMP566\xtrememp-0.6.6-src\xtrememp-src\lib\jl1.0.1.jar;C:\COMP566\xtrememp-0.6.6-src\xtrememp-src\lib\jogg-0.0.7.jar;C:\COMP566\xtrememp-0.6.6-src\xtrememp-src\lib\jorbis-0.0.15.jar;C:\COMP566\xtrememp-0.6.6-src\xtrememp-src\lib\jspeex-0.9.7.jar;C:\COMP566\xtrememp-0.6.6-src\xtrememp-src\lib\jspiff-1.0.jar;C:\COMP566\xtrememp-0.6.6-src\xtrememp-src\lib\logback-classic-0.9.24.jar;C:\COMP566\xtrememp-0.6.6-src\xtrememp-src\lib\logback-core-0.9.24.jar;C:\COMP566\xtrememp-0.6.6-src\xtrememp-src\lib\miglayout-3.7.3.1-swing.jar;C:\COMP566\xtrememp-0.6.6-src\xtrememp-src\lib\mp3spi.jar;C:\COMP566\xtrememp-0.6.6-src\xtrememp-src\lib\slf4j-api-1.6.1.jar;C:\COMP566\xtrememp-0.6.6-src\xtrememp-src\lib\substance-swingx.jar;C:\COMP566\xtrememp-0.6.6-src\xtrememp-src\lib\substance.jar;C:\COMP566\xtrememp-0.6.6-src\xtrememp-src\lib\swingx.jar;C:\COMP566\xtrememp-0.6.6-src\xtrememp-src\lib\trident.jar;C:\COMP566\xtrememp-0.6.6-src\xtrememp-src\lib\tritonus_share.jar;C:\COMP566\xtrememp-0.6.6-src\xtrememp-src\lib\vorbisspi.jar;C:\Users\Deano\.javafx;C:\Program Files (x86)\JMF2.1.1e\lib\mediaplayer.jar;C:\Program Files (x86)\JMF2.1.1e\lib\customizer.jar;C:\Program Files (x86)\JMF2.1.1e\lib\multiplayer.jar;C:\Program Files (x86)\JMF2.1.1e\lib\sound.jar;C:\Users\Deano\Downloads\new\fobs4jmf_0.4.2_win32\fobs4jmf.jar;C:\Users\Deano\Downloads\new\fobs4jmf_0.4.2_win32\jmf.jar;C:\gstreamer-java-1.4.jar;C:\jna-3.2.4.jar;C:\Program Files (x86)\OSSBuild\GStreamer\v0.10.6\lib\gstreamer-0.10;C:\Program Files (x86)\OSSBuild\GStreamer;C:\COMP566\xtrememp-0.6.6-src\xtrememp-src\build\classes;C:\Program Files\NetBeans 6.9.1\platform\modules\ext\junit-4.5.jar;C:\COMP566\xtrememp-0.6.6-src\xtrememp-src\build\test\classes;C:\COMP566\xtrememp-0.6.6-src\xtrememp-src;C:\PROGRA~2\JMF21~1.1E\lib\sound.jar;C:\PROGRA~2\JMF21~1.1E\lib\jmf.jar;C:\PROGRA~2\JMF21~1.1E\lib;C:\Program Files (x86)\OSSBuild\GStreamer\v0.10.6\lib;C:\Program Files\NetBeans 6.9.1\java\ant\lib\ant-launcher.jar;C:\Program Files\NetBeans 6.9.1\java\ant\lib\ant.jar;C:\Program Files\NetBeans 6.9.1\java\ant\patches\72080.jar" />
    <property name="apple.laf.useScreenMenuBar" value="true" />
    <property name="file.reference.jspeex-0.9.7.jar" value="lib/jspeex-0.9.7.jar" />
    <property name="do.mkdist" value="true" />
    <property name="libs.absolutelayout.src" value="" />
    <property name="os.version" value="6.1" />
    <property name="application.args" value="" />
    <property name="main.class.available" value="true" />
    <property name="libs.toplink.javadoc" value="" />
    <property name="sun.desktop" value="windows" />
    <property name="libs.eclipselink.classpath" value="C:\Program Files\NetBeans 6.9.1\java\modules\ext\eclipselink\eclipselink-2.0.2.jar;C:\Program Files\NetBeans 6.9.1\java\modules\ext\eclipselink\eclipselink-javax.persistence-2.0.jar" />
    <property name="file.reference.fobs4jmf.jar" value="C:\Users\Deano\Downloads\new\fobs4jmf_0.4.2_win32\fobs4jmf.jar" />
    <property name="java.awt.graphicsenv" value="sun.awt.Win32GraphicsEnvironment" />
    <property name="libs.beans-binding.javadoc" value="C:\Program Files\NetBeans 6.9.1\java\docs\beansbinding-1.2.1-doc.zip" />
    <property name="java.vm.vendor" value="Sun Microsystems Inc." />
    <property name="libs.CopyLibs.classpath" value="C:\Users\Deano\.netbeans\6.9\ant\extra\org-netbeans-modules-java-j2seproject-copylibstask.jar" />
    <property name="libs.spring-framework300.classpath" value="C:\Program Files\NetBeans 6.9.1\ide\modules\ext\commons-logging-1.1.jar;C:\Program Files\NetBeans 6.9.1\java\modules\ext\cglib-2.2.jar;C:\Program Files\NetBeans 6.9.1\java\modules\ext\spring-3.0\spring-aop-3.0.2.RELEASE.jar;C:\Program Files\NetBeans 6.9.1\java\modules\ext\spring-3.0\spring-asm-3.0.2.RELEASE.jar;C:\Program Files\NetBeans 6.9.1\java\modules\ext\spring-3.0\spring-aspects-3.0.2.RELEASE.jar;C:\Program Files\NetBeans 6.9.1\java\modules\ext\spring-3.0\spring-beans-3.0.2.RELEASE.jar;C:\Program Files\NetBeans 6.9.1\java\modules\ext\spring-3.0\spring-context-3.0.2.RELEASE.jar;C:\Program Files\NetBeans 6.9.1\java\modules\ext\spring-3.0\spring-context-support-3.0.2.RELEASE.jar;C:\Program Files\NetBeans 6.9.1\java\modules\ext\spring-3.0\spring-core-3.0.2.RELEASE.jar;C:\Program Files\NetBeans 6.9.1\java\modules\ext\spring-3.0\spring-expression-3.0.2.RELEASE.jar;C:\Program Files\NetBeans 6.9.1\java\modules\ext\spring-3.0\spring-instrument-3.0.2.RELEASE.jar;C:\Program Files\NetBeans 6.9.1\java\modules\ext\spring-3.0\spring-instrument-tomcat-3.0.2.RELEASE.jar;C:\Program Files\NetBeans 6.9.1\java\modules\ext\spring-3.0\spring-jdbc-3.0.2.RELEASE.jar;C:\Program Files\NetBeans 6.9.1\java\modules\ext\spring-3.0\spring-jms-3.0.2.RELEASE.jar;C:\Program Files\NetBeans 6.9.1\java\modules\ext\spring-3.0\spring-orm-3.0.2.RELEASE.jar;C:\Program Files\NetBeans 6.9.1\java\modules\ext\spring-3.0\spring-oxm-3.0.2.RELEASE.jar;C:\Program Files\NetBeans 6.9.1\java\modules\ext\spring-3.0\spring-test-3.0.2.RELEASE.jar;C:\Program Files\NetBeans 6.9.1\java\modules\ext\spring-3.0\spring-tx-3.0.2.RELEASE.jar;C:\Program Files\NetBeans 6.9.1\java\modules\ext\spring-3.0\spring-web-3.0.2.RELEASE.jar;C:\Program Files\NetBeans 6.9.1\java\modules\ext\spring-3.0\spring-webmvc-portlet-3.0.2.RELEASE.jar;C:\Program Files\NetBeans 6.9.1\java\modules\ext\spring-3.0\spring-webmvc-3.0.2.RELEASE.jar;C:\Program Files\NetBeans 6.9.1\java\modules\ext\spring-3.0\spring-struts-3.0.2.RELEASE.jar" />
    <property name="file.reference.jmf.jar" value="C:\Users\Deano\Downloads\new\fobs4jmf_0.4.2_win32\jmf.jar" />
    <property name="run.jvmargs" value="-Djava.library.path=native" />
    <property name="libs.ejb3-persistence.classpath" value="C:\Program Files\NetBeans 6.9.1\java\modules\ext\hibernate\ejb3-persistence.jar" />
    <property name="libs.spring-framework.javadoc" value="" />
    <property name="libs.PostgreSQLDriver.classpath" value="C:\Program Files\NetBeans 6.9.1\ide\modules\ext\postgresql-8.3-603.jdbc3.jar" />
    <property name="libs.junit.src" value="" />
    <property name="main.class" value="xtrememp.XtremeMP" />
    <property name="build.dir" value="build" />
    <property name="libs.CopyLibs.src" value="" />
    <property name="ant.version" value="Apache Ant version 1.8.1 compiled on April 30 2010" />
    <property name="file.encoding" value="Cp1252" />
    <property name="build.classes.excludes" value="**/*.java,**/*.form" />
    <property name="javadoc.nonavbar" value="false" />
    <property name="platform.active" value="default_platform" />
    <property name="auxiliary.org-netbeans-modules-hudson.builder" value="http://zouzoute.homelinux.org:8080/job/XtremeMP-svn/" />
    <property name="awt.toolkit" value="sun.awt.windows.WToolkit" />
  </properties>
  <testcase classname="xtrememp.XtremeMPTest" name="testGetInstance" time="0.6">
    <error message="For input string: &quot;Application.version.majorNumber&quot;" type="java.lang.NumberFormatException">java.lang.NumberFormatException: For input string: &quot;Application.version.majorNumber&quot;
	at java.lang.NumberFormatException.forInputString(NumberFormatException.java:48)
	at java.lang.Integer.parseInt(Integer.java:449)
	at java.lang.Integer.parseInt(Integer.java:499)
	at xtrememp.update.Version.getCurrentVersion(Version.java:268)
	at xtrememp.XtremeMP.&lt;init&gt;(XtremeMP.java:139)
	at xtrememp.XtremeMP.getInstance(XtremeMP.java:192)
	at xtrememp.XtremeMPTest.testGetInstance(XtremeMPTest.java:54)
</error>
  </testcase>
  <testcase classname="xtrememp.XtremeMPTest" name="testGetMainFrame" time="0.0">
    <error type="java.lang.NullPointerException">java.lang.NullPointerException
	at xtrememp.XtremeMPTest.testGetMainFrame(XtremeMPTest.java:68)
</error>
  </testcase>
  <testcase classname="xtrememp.XtremeMPTest" name="testGetBusyLabel" time="0.05">
    <error type="java.lang.NullPointerException">java.lang.NullPointerException
	at xtrememp.XtremeMPTest.testGetBusyLabel(XtremeMPTest.java:82)
</error>
  </testcase>
  <testcase classname="xtrememp.XtremeMPTest" name="testGetAudioPlayer" time="0.0">
    <error type="java.lang.NullPointerException">java.lang.NullPointerException
	at xtrememp.XtremeMPTest.testGetAudioPlayer(XtremeMPTest.java:96)
</error>
  </testcase>
  <testcase classname="xtrememp.XtremeMPTest" name="testInit" time="0.0">
    <error type="java.lang.NullPointerException">java.lang.NullPointerException
	at xtrememp.XtremeMPTest.testInit(XtremeMPTest.java:110)
</error>
  </testcase>
  <testcase classname="xtrememp.XtremeMPTest" name="testMain" time="17.044">
    <error type="java.lang.NullPointerException">java.lang.NullPointerException
	at java.util.Arrays$ArrayList.&lt;init&gt;(Arrays.java:3357)
	at java.util.Arrays.asList(Arrays.java:3343)
	at xtrememp.XtremeMP.main(XtremeMP.java:351)
	at xtrememp.XtremeMPTest.testMain(XtremeMPTest.java:122)
</error>
  </testcase>
  <testcase classname="xtrememp.XtremeMPTest" name="testExit" time="0.01">
    <error type="java.lang.NullPointerException">java.lang.NullPointerException
	at xtrememp.XtremeMPTest.testExit(XtremeMPTest.java:134)
</error>
  </testcase>
  <testcase classname="xtrememp.XtremeMPTest" name="testCreateMenuBar" time="0.0010">
    <error type="java.lang.NullPointerException">java.lang.NullPointerException
	at xtrememp.XtremeMPTest.testCreateMenuBar(XtremeMPTest.java:146)
</error>
  </testcase>
  <testcase classname="xtrememp.XtremeMPTest" name="testCreateMainPanels" time="0.0050">
    <error type="java.lang.NullPointerException">java.lang.NullPointerException
	at xtrememp.XtremeMPTest.testCreateMainPanels(XtremeMPTest.java:158)
</error>
  </testcase>
  <testcase classname="xtrememp.XtremeMPTest" name="testSetTime" time="0.0010">
    <error type="java.lang.NullPointerException">java.lang.NullPointerException
	at xtrememp.XtremeMPTest.testSetTime(XtremeMPTest.java:172)
</error>
  </testcase>
  <testcase classname="xtrememp.XtremeMPTest" name="testSetStatus" time="0.0010">
    <error type="java.lang.NullPointerException">java.lang.NullPointerException
	at xtrememp.XtremeMPTest.testSetStatus(XtremeMPTest.java:185)
</error>
  </testcase>
  <testcase classname="xtrememp.XtremeMPTest" name="testEnableControlButtons" time="0.0020">
    <error type="java.lang.NullPointerException">java.lang.NullPointerException
	at xtrememp.XtremeMPTest.testEnableControlButtons(XtremeMPTest.java:198)
</error>
  </testcase>
  <testcase classname="xtrememp.XtremeMPTest" name="testActionPerformed" time="0.0010">
    <error type="java.lang.NullPointerException">java.lang.NullPointerException
	at xtrememp.XtremeMPTest.testActionPerformed(XtremeMPTest.java:211)
</error>
  </testcase>
  <testcase classname="xtrememp.XtremeMPTest" name="testPlaybackBuffering" time="0.0020">
    <error type="java.lang.NullPointerException">java.lang.NullPointerException
	at xtrememp.XtremeMPTest.testPlaybackBuffering(XtremeMPTest.java:224)
</error>
  </testcase>
  <testcase classname="xtrememp.XtremeMPTest" name="testPlaybackOpened" time="0.0010">
    <error type="java.lang.NullPointerException">java.lang.NullPointerException
	at xtrememp.XtremeMPTest.testPlaybackOpened(XtremeMPTest.java:237)
</error>
  </testcase>
  <testcase classname="xtrememp.XtremeMPTest" name="testPlaybackEndOfMedia" time="0.0020">
    <error type="java.lang.NullPointerException">java.lang.NullPointerException
	at xtrememp.XtremeMPTest.testPlaybackEndOfMedia(XtremeMPTest.java:250)
</error>
  </testcase>
  <testcase classname="xtrememp.XtremeMPTest" name="testPlaybackPlaying" time="0.0">
    <error type="java.lang.NullPointerException">java.lang.NullPointerException
	at xtrememp.XtremeMPTest.testPlaybackPlaying(XtremeMPTest.java:263)
</error>
  </testcase>
  <testcase classname="xtrememp.XtremeMPTest" name="testPlaybackProgress" time="0.0">
    <error type="java.lang.NullPointerException">java.lang.NullPointerException
	at xtrememp.XtremeMPTest.testPlaybackProgress(XtremeMPTest.java:276)
</error>
  </testcase>
  <testcase classname="xtrememp.XtremeMPTest" name="testPlaybackPaused" time="0.01">
    <error type="java.lang.NullPointerException">java.lang.NullPointerException
	at xtrememp.XtremeMPTest.testPlaybackPaused(XtremeMPTest.java:289)
</error>
  </testcase>
  <testcase classname="xtrememp.XtremeMPTest" name="testPlaybackStopped" time="0.01">
    <error type="java.lang.NullPointerException">java.lang.NullPointerException
	at xtrememp.XtremeMPTest.testPlaybackStopped(XtremeMPTest.java:302)
</error>
  </testcase>
  <testcase classname="xtrememp.XtremeMPTest" name="testAcOpen" time="0.0">
    <error type="java.lang.NullPointerException">java.lang.NullPointerException
	at xtrememp.XtremeMPTest.testAcOpen(XtremeMPTest.java:314)
</error>
  </testcase>
  <testcase classname="xtrememp.XtremeMPTest" name="testAcOpenAndPlay" time="0.09">
    <error type="java.lang.NullPointerException">java.lang.NullPointerException
	at xtrememp.XtremeMPTest.testAcOpenAndPlay(XtremeMPTest.java:326)
</error>
  </testcase>
  <testcase classname="xtrememp.XtremeMPTest" name="testAcPrevious" time="0.0">
    <error type="java.lang.NullPointerException">java.lang.NullPointerException
	at xtrememp.XtremeMPTest.testAcPrevious(XtremeMPTest.java:338)
</error>
  </testcase>
  <testcase classname="xtrememp.XtremeMPTest" name="testAcNext" time="0.0010">
    <error type="java.lang.NullPointerException">java.lang.NullPointerException
	at xtrememp.XtremeMPTest.testAcNext(XtremeMPTest.java:350)
</error>
  </testcase>
  <testcase classname="xtrememp.XtremeMPTest" name="testAcPlayPause" time="0.0030">
    <error type="java.lang.NullPointerException">java.lang.NullPointerException
	at xtrememp.XtremeMPTest.testAcPlayPause(XtremeMPTest.java:362)
</error>
  </testcase>
  <testcase classname="xtrememp.XtremeMPTest" name="testAcStop" time="0.0">
    <error type="java.lang.NullPointerException">java.lang.NullPointerException
	at xtrememp.XtremeMPTest.testAcStop(XtremeMPTest.java:374)
</error>
  </testcase>
  <testcase classname="xtrememp.XtremeMPTest" name="testAcUpdateTime" time="0.0">
    <error type="java.lang.NullPointerException">java.lang.NullPointerException
	at xtrememp.XtremeMPTest.testAcUpdateTime(XtremeMPTest.java:387)
</error>
  </testcase>
  <testcase classname="xtrememp.XtremeMPTest" name="testAcSeek" time="0.0090">
    <error type="java.lang.NullPointerException">java.lang.NullPointerException
	at xtrememp.XtremeMPTest.testAcSeek(XtremeMPTest.java:399)
</error>
  </testcase>
  <testcase classname="xtrememp.XtremeMPTest" name="testPlaylistItemAdded" time="0.0">
    <error type="java.lang.NullPointerException">java.lang.NullPointerException
	at xtrememp.XtremeMPTest.testPlaylistItemAdded(XtremeMPTest.java:412)
</error>
  </testcase>
  <testcase classname="xtrememp.XtremeMPTest" name="testPlaylistItemRemoved" time="0.0">
    <error type="java.lang.NullPointerException">java.lang.NullPointerException
	at xtrememp.XtremeMPTest.testPlaylistItemRemoved(XtremeMPTest.java:425)
</error>
  </testcase>
  <testcase classname="xtrememp.XtremeMPTest" name="testPlayModeChanged" time="0.0">
    <error type="java.lang.NullPointerException">java.lang.NullPointerException
	at xtrememp.XtremeMPTest.testPlayModeChanged(XtremeMPTest.java:438)
</error>
  </testcase>
  <testcase classname="xtrememp.XtremeMPTest" name="testOnIntellitype" time="0.0010">
    <error type="java.lang.NullPointerException">java.lang.NullPointerException
	at xtrememp.XtremeMPTest.testOnIntellitype(XtremeMPTest.java:451)
</error>
  </testcase>
  <testcase classname="xtrememp.XtremeMPTest" name="testGuiEffectsStateChanged" time="0.0010">
    <error type="java.lang.NullPointerException">java.lang.NullPointerException
	at xtrememp.XtremeMPTest.testGuiEffectsStateChanged(XtremeMPTest.java:464)
</error>
  </testcase>
  <system-out><![CDATA[getInstance
getMainFrame
getBusyLabel
getAudioPlayer
init
main
exit
createMenuBar
createMainPanels
setTime
setStatus
enableControlButtons
actionPerformed
playbackBuffering
playbackOpened
playbackEndOfMedia
playbackPlaying
playbackProgress
playbackPaused
playbackStopped
acOpen
acOpenAndPlay
acPrevious
acNext
acPlayPause
acStop
acUpdateTime
acSeek
playlistItemAdded
playlistItemRemoved
playModeChanged
onIntellitype
guiEffectsStateChanged
]]></system-out>
  <system-err><![CDATA[java.lang.reflect.InvocationTargetException
  Unable to handle format: MPEG, 352x240, FrameRate=29.9, Length=126720
  Unable to handle format: mpegaudio, 44100.0 Hz, 16-bit, Stereo, LittleEndian, Signed, 28000.0 frame rate, FrameSize=32768 bits
]]></system-err>
</testsuite>
